0 info it worked if it ends with ok
1 verbose cli [ '/home/tiagogoncalves/.nvm/versions/node/v6.9.1/bin/node',
1 verbose cli   '/home/tiagogoncalves/.nvm/versions/node/v6.9.1/bin/npm',
1 verbose cli   'run',
1 verbose cli   'test:watch' ]
2 info using npm@3.10.8
3 info using node@v6.9.1
4 verbose run-script [ 'pretest:watch', 'test:watch', 'posttest:watch' ]
5 info lifecycle promisify@1.0.0~pretest:watch: promisify@1.0.0
6 silly lifecycle promisify@1.0.0~pretest:watch: no script for pretest:watch, continuing
7 info lifecycle promisify@1.0.0~test:watch: promisify@1.0.0
8 verbose lifecycle promisify@1.0.0~test:watch: unsafe-perm in lifecycle true
9 verbose lifecycle promisify@1.0.0~test:watch: PATH: /home/tiagogoncalves/.nvm/versions/node/v6.9.1/lib/node_modules/npm/bin/node-gyp-bin:/home/tiagogoncalves/Dropbox/home/development/tests-projects/promisify/node_modules/.bin:/home/tiagogoncalves/.nvm/versions/node/v6.9.1/bin:/usr/local/sbin:/usr/local/bin:/usr/sbin:/usr/bin:/sbin:/bin:/usr/games:/usr/local/games:/snap/bin
10 verbose lifecycle promisify@1.0.0~test:watch: CWD: /home/tiagogoncalves/Dropbox/home/development/tests-projects/promisify
11 silly lifecycle promisify@1.0.0~test:watch: Args: [ '-c', 'mocha -w app/**/*.spec.js' ]
12 silly lifecycle promisify@1.0.0~test:watch: Returned: code: 1  signal: null
13 info lifecycle promisify@1.0.0~test:watch: Failed to exec test:watch script
14 verbose stack Error: promisify@1.0.0 test:watch: `mocha -w app/**/*.spec.js`
14 verbose stack Exit status 1
14 verbose stack     at EventEmitter.<anonymous> (/home/tiagogoncalves/.nvm/versions/node/v6.9.1/lib/node_modules/npm/lib/utils/lifecycle.js:255:16)
14 verbose stack     at emitTwo (events.js:106:13)
14 verbose stack     at EventEmitter.emit (events.js:191:7)
14 verbose stack     at ChildProcess.<anonymous> (/home/tiagogoncalves/.nvm/versions/node/v6.9.1/lib/node_modules/npm/lib/utils/spawn.js:40:14)
14 verbose stack     at emitTwo (events.js:106:13)
14 verbose stack     at ChildProcess.emit (events.js:191:7)
14 verbose stack     at maybeClose (internal/child_process.js:877:16)
14 verbose stack     at Process.ChildProcess._handle.onexit (internal/child_process.js:226:5)
15 verbose pkgid promisify@1.0.0
16 verbose cwd /home/tiagogoncalves/Dropbox/home/development/tests-projects/promisify
17 error Linux 4.13.4-041304-generic
18 error argv "/home/tiagogoncalves/.nvm/versions/node/v6.9.1/bin/node" "/home/tiagogoncalves/.nvm/versions/node/v6.9.1/bin/npm" "run" "test:watch"
19 error node v6.9.1
20 error npm  v3.10.8
21 error code ELIFECYCLE
22 error promisify@1.0.0 test:watch: `mocha -w app/**/*.spec.js`
22 error Exit status 1
23 error Failed at the promisify@1.0.0 test:watch script 'mocha -w app/**/*.spec.js'.
23 error Make sure you have the latest version of node.js and npm installed.
23 error If you do, this is most likely a problem with the promisify package,
23 error not with npm itself.
23 error Tell the author that this fails on your system:
23 error     mocha -w app/**/*.spec.js
23 error You can get information on how to open an issue for this project with:
23 error     npm bugs promisify
23 error Or if that isn't available, you can get their info via:
23 error     npm owner ls promisify
23 error There is likely additional logging output above.
24 verbose exit [ 1, true ]
